[    000000] Linux version 4.15.0-74-generic (buildd@lcy01-amd64-022) (gcc version 7.4.0 (Ubuntu .40-1ubnt1~18.04.1)) #84-Ubntu SP Tu Dc 9 08:06:28 UTC 2019 (Ubuntu 4.15.0-74.84-generic 4.15.18)
[    0.000000] Command line: BOOT_IMAGE=/boot/vmlinuz-4.15.0-74-generic root=LABEL=cudimg-rootfs ro console=tty1 console=ttyS0
[    0.000000] KERNEL supported cpus:
[    0.000000]   Intel GenuineIntel
[    0.000000]   AM AuthenticAMD
[   0.000000]   Centaur CentaurHauls
[    0.000000] x86/fpu: Supporting XSAVE feature 0x001: 'x87 floating point registers'
[    0.000000] x86/fpu: Supporting XSAVE feature 0x002: 'SSE registers'
[    0.000000] x86/fpu: Supporting XSAVE feature 0x004: 'AVX registers'
[    0.000000] x86/fpu: xstate_offset[2]:  576, xstate_sizes[2]:  256
[    0.000000] x86/fpu: Enabled xstate features 0x7, context size is 832 bytes, using 'standard' format.
[    0.000000] e820: BIOS-provided physical RAM map:
[    0.000000] BIOS-e820: [mem 0x0000000000000000-0x000000000009fbff] usable
[    0.000000] BIOS-e820: [mem 0x000000000009fc00-0x000000000009ffff] reserved
[    0.000000] BIOS-e820: [mem 0x00000000000f0000-0x00000000000fffff] reserved
[    0.000000] BIOS-e820: [mem 0x0000000000100000-0x000000003ffeffff] usable
[    0.000000] BIOS-e820: [mem 0x000000003fff0000-0x000000003fffffff] ACPI data
[    0.000000] BIOS-e820: [mem 0x00000000fec00000-0x00000000fec00fff] reserved
[    0.000000] BIOS-e820: [mem 0x00000000fee00000-0x00000000fee00fff] reserved
[    0.000000] BIOS-e820: [mem 0x00000000fffc0000-0x00000000ffffffff] reeserved
[    0.000000] NX (Execute Disable) protection: active
[    0.000000] SMBIOS 2.5 present.
[    0.000000] DMI: innotek GmbH VirtualBox/VirtualBox, BIOS VirtualBox 12/01/2006
[    0.000000] Hypervisor detected: KVM
[    0.000000] e820: last_pfn = 0x3fff0 max_arch_pfn = 0x400000000
[    0.000000] MTRR: Disabled
[    0.000000] x86/PAT: MTRRs disabled, skipping PAT initialization too.
[    0.000000] CPU MTRRs all blank - virtualized system.
[    0.000000] x86/PAT: Configuration [0-7]: WB  WT  UC- UC  WB  WT  UC- UC  
[    0.000000] found SMP MP-table at [mem 0x0009fff0-0x0009ffff]
[    0.000000] Scanning 1 areas for low memory corruption
[    0.000000] RAMDISK: [mem 0x35a6f000-0x36d2efff]
[    0.000000] ACPI: Early table checksum verification disabled
[    0.000000] ACPI: RSDP 0x00000000000E0000 000024 (v02 VBOX  )
[    0.000000] ACPI: XSDT 0x000000003FFF0030 00003C (v01 VBOX   VBOXXSDT 00000001 ASL  00000061)
[    0.000000] ACPI: FACP 0x000000003FFF00F0 0000F4 (v04 VBOX   VBOXFACP 00000001 ASL  00000061)
[    0.000000] ACPI: DSDT 0x000000003FFF0470 0021FF (v02 VBOX   VBOXBIOS 00000002 INTL 20100528)
[    0.000000] ACPI: FACS 0x000000003FFF0200 000040
[    0.000000] ACPI: FACS 0x000000003FFF0200 000040
[    0.000000] ACPI: APIC 0x000000003FFF0240 00005C (v02 VBOX   VBOXAPIC 00000001 ASL  00000061)
[    0.000000] ACPI: SSDT 0x000000003FFF02A0 0001CC (v01 VBOX   VBOXCPUT 00000002 INTL 20100528)
[    0.000000] No NUMA configuration found
[    0.000000] Faking a node at [mem 0x0000000000000000-0x000000003ffeffff]
[    0.000000] NODE_DATA(0) allocated [mem 0x3ffc5000-0x3ffeffff]
[    0.000000] kvm-clock: cpu 0, msr 0:3ff44001, primary cpu clock
[    0.000000] kvm-clock: Using msrs 4b564d01 and 4b564d00
[    0.000000] kvm-clock: using sched offset o 366157586 ycles
[    0.000000] clocksource: kvm-clock: mask: 0xffffffffffffffff max_cycles: 0x1cd42e4dffb, max_idle_ns: 881590591483 ns
[    0.000000] Zone ranges:
[    0.000000]   DMA      [mem 0x0000000000001000-0x0000000000ffffff]
[    0.000000]   DMA32    [mem 0x0000000001000000-0x000000003ffeffff]
[    0.000000]   Normal   empty
[    0.000000]   Device   empty
[    0.000000] Movable zone start for each node
[    0.000000] Early memory node ranges
[    0.000000]   node   0: [mem 0x0000000000001000-0x000000000009efff]
[    0.000000]   node   0: [mem 0x0000000000100000-0x000000003ffeffff]
[    0.000000] Reserved but unavailable: 98 pages
[    0.000000] Iitem setup node 0 [em0x0000000000001000-0x000000003ffeffff]
[    0.000000] ACPI: PM-Timer IO Port: 0x4008
[    0.000000] IOAPIC[0]: apic_id 2, version 32, address 0xfec00000, GSI 0-23
[    0.000000] ACPI: INT_SRC_OVR (bus 0 bus_irq 0 global_irq 2 dfl dfl)
[    0.000000] ACPI: INT_SRC_OVR (bus 0 bus_irq 9 global_irq 9 low level)
[    0.000000] Using ACPI (MADT) for SMP configuration information
[    0.000000] smpboot: Allowing 2 CPUs, 0 hotplug CPUs
[    0.000000] PM: Registered nosave memory: [mem 0x00000000-0x00000fff]
[    0.000000] PM: Registered nosave memory: [mem 0x0009f000-0x0009ffff]
[    0.000000] PM: Registered nosave memory: [mem 0x000a0000-0x000effff]
[    0.000000] PM: Registered nosave memory: [mem 0x000f0000-0x000fffff]
[    0.000000] e820: [mem 0x40000000-0xfebfffff] available for PCI devices
[    0.000000] Booting paravirtualized kernel on KVM
[    0.000000] clocksource: refined-jiffies: mask: 0xffffffff max_cycles: 0xffffffff, max_idle_ns: 7645519600211568 ns
[    0.000000] random: get_random_bytes called from start_kernel+0x99/0x4fd with crng_init=0
[    0.000000] setup_percpu: NR_CPUS:8192 nr_cpumask_bits:2 nr_cpu_ids:2 nr_node_ids:1
[    0.000000] percpu: Embedded 45 pages/cpu s147456 r8192 d28672 u1048576
[    0.000000] PV qspinlock hash table entries: 256 (order: 0, 4096 bytes)
[    0.000000] Built 1 zonelists, mobility grouping on.  Total pages: 257913
[     0.000000] Policy zone: DMA32
[    0.000000] Kernel command line: BOOT_IMAGE=/boot/vmlinuz-4.15.0-74-generic root=LABEL=cloudimg-rootfs ro console=tty1 console=ttyS0
[    0.000000] Memory: 983080K/1048120K available (12300K kernel code, 2481K rwdata, 4260K rodata, 2428K init, 2704K bss, 65040K reserved, 0K cma-reserved)
[    0.000000] SLUB: HWalign=64, Order=0-3, MinObjects=0, CPUs=2, Nodes1
[    0.00000] Kernel/User page tables isolation: enabled
[    0.000000] ftrace: allocating 39322 entries in 154 pages
[    0.004000] Hierarchical RCU implementation.
[    0.004000] 	RCU restricting CPUs from NR_CPUS=8192 to nr_cpu_ids=2.
[    0.004000] 	Tasks RCU enabled.
[    0.004000] RCU: Adjusting geometry for rcu_fanout_leaf=16, nr_cpu_ids=2
[    0.004000] NR_IRQS: 524544, nr_irqs: 440, preallocated irqs: 16
[    0.004000] Console: colour VGA+ 80x25
[    0.004000] console [tty1] enabled
[    0.004000] console [ttyS0] enabled
[    0.004000] ACPI: Core revision 20170831
[    0.004000] ACPI: 2 ACPI AML tables successfully acquired and loaded
[    0.004000] APIC: Switch to symmetric I/O mode setup
[    0.004000] x2apic enabled
[    0.004000] Switched APIC routing to physical x2apic.
[    0.04000] ..TIMER: vector=0x30 apic1=0 pin1=2 apic2=-1 pin2=-1
[    0.004007] tsc: Detected 2294.686 MHz processor
[    0.004865] Calibrating delay loop (skipped) preset value.. 4589.37 BogoMIPS (lpj=9178744)
[    0.008004] pid_max: default: 32768 minimum: 301
[    0.008907] Security Framework initialized
[    0.009787] Yama: becoming mindful.
[    0.010507] AppArmor: AppArmor initialized
[    0.013156] Dentry cache hash table entries: 131072 (order: 8, 1048576 bytes)
[    0.014555] Inode-cache hash table entries: 65536 (order: 7, 524288 bytes)
[    0.015788] Mount-cache hash table entries: 2048 (order: 2, 16384 bytes)
[    0.016010] Mountpoint-cache hash table entries: 2048 (order: 2, 16384 bytes)
[    0.017519] Last level iTLB entries: 4KB 1024, 2MB 1024, 4MB 1024
[    0.018607] Last level dTLB entries: 4KB 1024, 2MB 1024, 4MB 1024, 1GB 4
[    0.020007] Spectre V1 : Mitigation: usercopy/swapgs barriers and __user pointer sanitization
[    0.021778] Spectre V2 : Mitigation: Full generic retpoline
[    0.022966] Spectre V2 : Spectre v2 / SpectreRSB mitigation: Filling RSB on context switch
[    0.024005] Speculative Store Bypass: Vulnerable
[    0.024908] MDS: Vulnerable: Clear CPU buffers attempted, no microcode
[    0.026364] Freeing SMP alternatives memory: 36K
[    0.138337] smpboot: CPU0: Intel(R) Core(TM) i7-4650U CPU @ 1.70GHz (family: 0x6, model: 0x45, stepping: 0x1)
[    0.140098] Performance Events: unsupported p6 CPU model 69 no PMU driver, software events only.
[    0.144069] Hierarchical SRCU implementation.
[    0.148558] NMI watchdog: Perf event create on CPU 0 failed with -2
[    0.152003] NMI watchdog: Perf NMI watchdog permanently disabled
[    0.156079] smp: Bringing up secondary CPUs ...
[    0.160087] x86: Booting SMP configuration:
[    0.164003] .... node  #0, CPUs:      #1
[    0.004000] kvm-clock: cpu 1, msr 0:3ff44041, secondary cpu clock
[    0.168028] smp: Brought up 1 node, 2 CPUs
[    0.172006] smpboot: Max logical packages: 1
[    0.176004] smpboot: Total of 2 processors activated (9178.74 BogoMIPS)
[    0.180118] devtmpfs: initialized
[    0.184085] x86/mm: Memory block size: 128MB
[    0.185049] evm: security.selinux
[    0.188005] evm: security.SMACK64
[    0.188658] evm: security.SMACK64EXEC
[    0.189408] evm: security.SMACK64TRANSMUTE
[    0.190214] evm: security.SMACK64MMAP
[    0.192005] evm: security.apparmor
[    0.196004] evm: security.ima
[    0.196500] evm: security.capability
[    0.200106] clocksource: jiffies: mask: 0xffffffff max_cycles: 0xffffffff, max_idle_ns: 7645041785100000 ns
[    0.201458] futex hash table entries: 512 (order: 3, 32768 bytes)
[    0.204040] pinctrl core: initialized pinctrl subsystem
[    0.205027] RTC time: 16:42:32, date: 08/03/20
[    0.205877] NET: Registered protocol family 16
[    0.206632] audit: initializing netlink subsys (disabled)
[    0.207474] audit: type=2000 audit(1596472955.618:1): state=initialized audit_enabled=0 res=1
[    0.248032] cpuidle: using governor ladder
[    0.252008] cpuidle: using governor menu
[    0.256063] ACPI: bus type PCI registered
[    0.260004] acpiphp: ACPI Hot Plug PCI Controller Driver version: 0.5
[    0.264110] PCI: Using configuration type 1 for base access
[    0.268937] HugeTLB registered 2.00 MiB page size, pre-allocated 0 pages
[    0.272155] ACPI: Added _OSI(Module Device)
[    0.276005] ACPI: Added _OSI(Processor Device)
[    0.276753] ACPI: Added _OSI(3.0 _SCP Extensions)
[    0.277502] ACPI: Added _OSI(Processor Aggregator Device)
[    0.278301] ACPI: Added _OSI(Linux-Dell-Video)
[    0.280003] ACPI: Added _OSI(Linux-Lenovo-NV-HDMI-Audio)
[    0.284004] ACPI: Added _OSI(Linux-HPI-Hybrid-Graphics)
[    0.288009] ACPI: Executed 1 blocks of module-level executable AML code
[    0.292000] ACPI: Interpreter enabled
[    0.292014] ACPI: (supports S0 S5)
[    0.292586] ACPI: Using IOAPIC for interrupt routing
[    0.293586] PCI: Using host bridge windows from ACPI; if necessary, use "pci=nocrs" and report a bug
[    0.295188] ACPI: Enabled 2 GPEs in block 00 to 07
[    0.302542] ACPI: PCI Root Bridge [PCI0] (domain 0000 [bus 00-ff])
[    0.303449] acpi PNP0A03:00: _OSC: OS supports [ASPM ClockPM Segments MSI]
[    0.304026] acpi PNP0A03:00: _OSC: not requesting OS control; OS requires [ExtendedConfig ASPM ClockPM MSI]
[    0.305439] acpi PNP0A03:00: fail to add MMCONFIG information, can't access extended PCI configuration space under this bridge.
[    0.307417] PCI host bridge to bus 0000:00
[    0.308004] pci_bus 0000:00: root bus resource [io  0x0000-0x0cf7 window]
[    0.312008] pci_bus 0000:00: root bus resource [io  0x0d00-0xffff window]
[    0.313243] pci_bus 0000:00: root bus resource [mem 0x000a0000-0x000bffff window]
[    0.316008] pci_bus 0000:00: root bus resource [mem 0x40000000-0xfdffffff window]
[    0.317489] pci_bus 0000:00: root bus resource [bus 00-ff]
[    0.321559] pci 0000:00:01.1: legacy IDE quirk: reg 0x10: [io  0x01f0-0x01f7]
[    0.324010] pci 0000:00:01.1: legacy IDE quirk: reg 0x14: [io  0x03f6]
[    0.325200] pci 0000:00:01.1: legacy IDE quirk: reg 0x18: [io  0x0170-0x0177]
[    0.328003] pci 0000:00:01.1: legacy IDE quirk: reg 0x1c: [io  0x0376]
[    0.348085] pci 0000:00:07.0: quirk: [io  0x4000-0x403f] claimed by PIIX4 ACPI
[    0.349270] pci 0000:00:07.0: quirk: [io  0x4100-0x410f] claimed by PIIX4 SMB
[    0.357144] ACPI: PCI Interrupt Link [LNKA] (IRQs 5 9 10 *11)
[    0.358424] ACPI: PCI Interrupt Link [LNKB] (IRQs 5 9 *10 11)
[    0.359577] ACPI: PCI Interrupt Link [LNKC] (IRQs 5 *9 10 11)
[    0.360121] ACPI: PCI Interrupt Link [LNKD] (IRQs 5 9 10 *11)
[    0.361422] SCSI subsystem initialized
[    0.362094] pci 0000:00:02.0: vgaarb: setting as boot VGA device
[    0.362094] pci 0000:00:02.0: vgaarb: VGA device added: decodes=io+mem,owns=io+mem,locks=none
[    0.364014] pci 0000:00:02.0: vgaarb: bridge control possible
[    0.365062] vgaarb: loaded
[    0.365629] ACPI: bus type USB registered
[    0.366397] usbcore: registered new interface driver usbfs
[    0.368024] usbcore: registered new interface driver hub
[    0.369002] usbcore: registered new device driver usb
[    0.369981] EDAC MC: Ver: 3.0.0
[    0.369981] PCI: Using ACPI for IRQ routing
[    0.372277] NetLabel: Initializing
[    0.372894] NetLabel:  domain hash size = 128
[    0.373613] NetLabel:  protocols = UNLABELED CIPSOv4 CALIPSO
[    0.374630] NetLabel:  unlabeled traffic allowed by default
[    0.376095] clocksource: Switched to clocksource kvm-clock
[    0.391280] VFS: Disk quotas dquot_6.6.0
[    0.392150] VFS: Dquot-cache hash table entries: 512 (order 0, 4096 bytes)
[   0.393624] AppArmo: pprmor Filesystem Enabled
[    0.480419] pnp: PnP ACPI init
[    0.481930] pnp: PnP ACPI: found 3 devices

[    0.491915] clocksource: acpi_pm: mask: 0xffffff max_cycles: 0xffffff, max_idlens: 2085701024 ns
[    0.515881] NET Registered protocol family 2

[    0.540011] TCP established hash table entries: 8192 (order: 4, 65536 bytes)
[    0.547722] TCP bind hash table entries: 819 (rdr:5, 131072 byts)
[  0.681512] TCP: Hash tablecofigure (stblshd 192 bind 8192)[    0.9246]UD hsh table entries: 512 (order: 2, 16384 bytes)
[    1.106209] UDP-Lite hash table entries: 512 (order: 2, 16384 bytes)
[    1.107251] NET: Registered protocol family 1
[    1.107946] pci 0000:00:00.0: Limiting direct PCI/PCI transfers
[    1.108859] pci 0000:00:01.0: Activating ISA DMA hang workarounds
[    1.109787] pci 0000:00:02.0: Video device with shadowed ROM at [mem 0x000c0000-0x000dffff]
[    1.111104] Unpacking initramfs...

[    1.373584] Freeing initrd memory: 19200K
[    1.420742] clocksource: tsc: mask: 0xffffffffffffffff max_cycles: 0x211399552f8, max_idle_ns: 440795292447 ns
[    1.457983] platform rtc_cmos: registered platform RTC device (no PNP device found)
[    1.460070] Scanning for low memory corruption every 60 seconds
[    1.461970] Initialise system trusted keyrings
[    1.464995] Key type blacklist registered
[    1.465933] workingset: timestamp_bits=36 max_order=18 bucket_order=0
[    1.468229] zbud: loaded
[    1.473865] squashfs: version 4.0 (2009/01/31) Phillip Lougher
[    1.479682] fuse init (API version 7.26)
[    1.484482] Key type asymmetric registered
[    1.485460] Asymmetric key parser 'x509' registered
[    1.486664] Block layer SCSI generic (bsg) driver version 0.4 loaded (major 246)
[    1.489764] io scheduler noop registered
[    1.491253] io scheduler deadline registered
[    1.493585] io scheduler cfq registered (default)
[    1.495128] ACPI: AC Adapter [AC] (on-line)
[    1.496006] input: Power Button as /devices/LNXSYSTM:00/LNXPWRBN:00/input/input0
[    1.497480] ACPI: Power Button [PWRF]
[    1.498251] input: Sleep Button as /devices/LNXSYSTM:00/LNXSLPBN:00/input/input1
[    1.499607] ACPI: Sleep Button [SLPF]
[    1.501362] ACPI: Battery Slot [BAT0] (battery present)
[    1.502541] Serial: 8250/16550 driver, 32 ports, IRQ sharing enabled
[    1.546332] 00:02: ttyS0 at I/O 0x3f8 (irq = 4, base_baud = 115200) is a 16550A
[    1.561420] Linux agpgart interface v0.103
[    1.565044] loop: module loaded
[    1.566865] scsi host0: ata_piix
[    1.567922] scsi host1: ata_piix
[    1.568799] ata1: PATA max UDMA/33 cmd 0x1f0 ctl 0x3f6 bmdma 0xd000 irq 14
[    1.570320] ata2: PATA max UDMA/33 cmd 0x170 ctl 0x376 bmdma 0xd008 irq 15
[    1.572116] libphy: Fixed MDIO Bus: probed
[    1.573077] tun: Universal TUN/TAP device driver, 1.6
[    1.574795] PPP generic driver version 2.4.2
[    1.576348] ehci_hcd: USB 2.0 'Enhanced' Host Controller (EHCI) Driver
[    1.577866] ehci-pci: EHCI PCI platform driver
[    1.578986] ehci-platform: EHCI generic platform driver
[    1.580236] ohci_hcd: USB 1.1 'Open' Host Controller (OHCI) Driver
[    1.581700] ohci-pci: OHCI PCI platform driver
[    1.582733] ohci-platform: OHCI generic platform driver
[    1.585208] uhci_hcd: USB Universal Host Controller Interface driver
[    1.586732] i8042: PNP: PS/2 Controller [PNP0303:PS2K,PNP0f03:PS2M] at 0x60,0x64 irq 1,12
[    1.589139] serio: i8042 KBD port at 0x60,0x64 irq 1
[    1.590404] serio: i8042 AUX port at 0x60,0x64 irq 12
[    1.597673] mousedev: PS/2 mouse device common for all mice
[    1.607385] input: AT Translated Set 2 keyboard as /devices/platform/i8042/serio0/input/input2
[    1.616223] rtc_cmos rtc_cmos: rtc core: registered rtc_cmos as rtc0
[    1.622116] rtc_cmos rtc_cmos: alarms up to one day, 114 bytes nvram
[    1.627037] i2c /dev entries driver
[    1.628356] device-mapper: uevent: version 1.0.3
[    1.629942] device-mapper: ioctl: 4.37.0-ioctl (2017-09-20) initialised: dm-devel@redhat.com
[    1.640183] ledtrig-cpu: registered to indicate activity on CPUs
[    1.642258] NET: Registered protocol family 10
[    1.655035] Segment Routing with IPv6
[    1.656060] NET: Registered protocol family 17
[    1.676355] Key type dns_resolver registered
[    1.678537] mce: Using 0 MCE banks
[    1.680321] RAS: Correctable Errors collector initialized.
[    1.681482] sched_clock: Marking stable (1680283086, 0)->(3012389362, -1332106276)
[    1.684306] registered taskstats version 1
[    1.685287] Loading compiled-in X.509 certificates
[    1.689873] Loaded X.509 cert 'Build time autogenerated kernel key: 62d24f9c726e026b112735485dad6e6e4b50c923'
[    1.693636] zswap: loaded using pool lzo/zbud
[    1.697624] Key type big_key registered
[    1.698270] Key type trusted registered
[    1.700386] Key type encrypted registered
[    1.701284] AppArmor: AppArmor sha1 policy hashing enabled
[    1.702431] ima: No TPM chip found, activating TPM-bypass! (rc=-19)
[    1.704019] ima: Allocated hash algorithm: sha1
[    1.704979] evm: HMAC attrs: 0x1
[    1.706009]   Magic number: 0:618:741
[    1.706736] workqueue writeback: hash matches
[    1.709235] rtc_cmos rtc_cmos: setting system clock to 2020-08-03 16:42:33 UTC (1596472953)
[    1.710595] BIOS EDD facility v0.16 2004-Jun-25, 0 devices found
[    1.711606] EDD information not available.
[    1.735576] Freeing unused kernel image memory: 2428K
[    1.795905] Write protecting the kernel read-only data: 20480k
[    2.998196] Freeing unused kernel image memory: 2008K
[    3.037994] Freeing unused kernel image memory: 1884K
[    3.062044] x86/mm: Checked W+X mappings: passed, no W+X pages found.
[    3.076037] x86/mm: Checking user space page tables
[    3.112248] x86/mm: Checked W+X mappings: passed, no W+X pages found.
Loading, please wait...
starting version 237
[    3.199375] Fusion MPT base driver 3.04.20
[    3.200265] Copyright (c) 1999-2008 LSI Corporation
[    3.217408] e1000: Intel(R) PRO/1000 Network Driver - version 7.3.21-k8-NAPI
[    3.218781] e1000: Copyright (c) 1999-2006 Intel Corporation.
[    3.242593] AVX2 version of gcm_enc/dec engaged.
[    3.243525] AES CTR mode by8 optimization enabled
[    3.253697] Fusion MPT SPI Host driver 3.04.20
[    3.473881] input: ImExPS/2 Generic Explorer Mouse as /devices/platform/i8042/serio1/input/input4
[    3.617926] e1000 0000:00:03.0 eth0: (PCI:33MHz:32-bit) 02:22:e7:1f:39:14
[    3.619701] e1000 0000:00:03.0 eth0: Intel(R) PRO/1000 Network Connection
[    3.621720] e1000 0000:00:03.0 enp0s3: renamed from eth0
[    3.621853] mptbase: ioc0: Initiating bringup
[    3.745353] ioc0: LSI53C1030 A0: Capabilities={Initiator}
[    4.007517] scsi host2: ioc0: LSI53C1030 A0, FwRev=00000000h, Ports=1, MaxQ=256, IRQ=20
[    4.209949] scsi 2:0:0:0: Direct-Access     VBOX     HARDDISK         1.0  PQ: 0 ANSI: 5
[    5.046508] scsi target2:0:0: Beginning Domain Validation
[    5.617825] scsi target2:0:0: Domain Validation skipping write tests
[    5.618817] scsi target2:0:0: Ending Domain Validation
[    5.619620] scsi target2:0:0: asynchronous
[    5.620575] scsi 2:0:1:0: Direct-Access     VBOX     HARDDISK         1.0  PQ: 0 ANSI: 5
[    6.115298] scsi target2:0:1: Beginning Domain Validation
[    6.653846] random: fast init done
[    7.132266] scsi target2:0:1: Domain Validation skipping write tests
[    8.155623] scsi target2:0:1: Ending Domain Validation
[    8.158006] scsi target2:0:1: asynchronous
[    8.163318] random: systemd-udevd: uninitialized urandom read (16 bytes read)
[    8.163609] sd 2:0:0:0: [sda] 20971520 512-byte logical blocks: (10.7 GB/10.0 GiB)
[    8.164786] random: systemd-udevd: uninitialized urandom read (16 bytes read)
[    8.166041] sd 2:0:0:0: [sda] Write Protect is off
[    8.167254] random: systemd-udevd: uninitialized urandom read (16 bytes read)
[    8.169599] sd 2:0:0:0: Attached scsi generic sg0 type 0
[    8.172831] sd 2:0:0:0: [sda] Incomplete mode parameter data
[    8.175119] sd 2:0:0:0: [sda] Assuming drive cache: write through
[    8.176250] sd 2:0:1:0: Attached scsi generic sg1 type 0
[    8.180523] sd 2:0:1:0: [sdb] 20480 512-byte logical blocks: (10.5 MB/10.0 MiB)
[    8.229119] sd 2:0:1:0: [sdb] Write Protect is off
[    8.233306] sd 2:0:1:0: [sdb] Incomplete mode parameter data
[    8.234285] sd 2:0:1:0: [sdb] Assuming drive cache: write through
[    8.237770]  sda: sda1
[    8.477819] sd 2:0:0:0: [sda] Attached SCSI disk
[    8.482825] sd 2:0:1:0: [sdb] Attached SCSI disk
Begin: Loading essential drivers ... [   10.044153] raid6: sse2x1   gen()  8109 MB/s
[   10.112090] raid6: sse2x1   xor()  6477 MB/s
[   10.164391] raid6: sse2x2   gen() 11473 MB/s
[   10.216256] raid6: sse2x2   xor()  7293 MB/s
[   10.268529] raid6: sse2x4   gen() 12771 MB/s
[   10.332063] raid6: sse2x4   xor()  6589 MB/s
[   10.380025] raid6: avx2x1   gen() 15997 MB/s
[   10.428344] raid6: avx2x1   xor() 10670 MB/s
[   10.476194] raid6: avx2x2   gen() 18850 MB/s
[   10.532010] raid6: avx2x2   xor() 13026 MB/s
[   10.580375] raid6: avx2x4   gen() 22142 MB/s
[   10.632186] raid6: avx2x4   xor() 15095 MB/s
[   10.641174] raid6: using algorithm avx2x4 gen() 22142 MB/s
[   10.642105] raid6: .... xor() 15095 MB/s, rmw enabled
[   10.642947] raid6: using avx2x2 recovery algorithm
[   10.645270] xor: automatically using best checksumming function   avx       
[   10.649760] async_tx: api initialized (async)
done.
Begin: Running /scripts/init-premount ... done.
Begin: Mounting root file system ... Begin: Running /scripts/loc[   10.705404] Btrfs loaded, crc32c=crc32c-intel
al-top ... done.
Begin: Running /scripts/local-premount ... Scanning for Btrfs filesystems
done.
Warning: fsck not present, so sk[   10.762680] EXT4-fs (sda1): mounted filesystem with ordered data mode. Opts: (null)
ipping root file system
done.
Begin: Running /scripts/local-bottom ... done.
Begin: Running /scripts/init-bottom ... done.
[   10.973110] ip_tables: (C) 2000-2006 Netfilter Core Team
[   11.015690] systemd[1]: systemd 237 running in system mode. (+PAM +AUDIT +SELINUX +IMA +APPARMOR +SMACK +SYSVINIT +UTMP +LIBCRYPTSETUP +GCRYPT +GNUTLS +ACL +XZ +LZ4 +SECCOMP +BLKID +ELFUTILS +KMOD -IDN2 +IDN -PCRE2 default-hierarchy=hybrid)
[   11.070355] systemd[1]: Detected virtualization oracle.
[   11.132358] systemd[1]: Detected architecture x86-64.

Welcome to [1mUbuntu 18.04.3 LTS[0m!

[   11.167113] systemd[1]: Set hostname to <ubuntu>.
[   11.210826] systemd[1]: Initializing machine ID from random generator.
[   11.227986] systemd[1]: Installed transient /etc/machine-id file.
[   11.489606] systemd[1]: Reached target Swap.
[[0;32m  OK  [0m] Reached target Swap.
[   11.533160] systemd[1]: Reached target System Time Synchronized.
[[0;32m  OK  [0m] Reached target System Time Synchronized.
[   11.698564] systemd[1]: Created slice User and Session Slice.
[[0;32m  OK  [0m] Created slice User and Session Slice.
[   12.208638] systemd[1]: Started Forward Password Requests to Wall Directory Watch.
[[0;32m  OK  [0m] Started Forward Password Requests to Wall Directory Watch.
[[0;32m  OK  [0m] Reached target User and Group Name Lookups.
[[0;32m  OK  [0m] Created slice System Slice.
[[0;32m  OK  [0m] Created slice system-serial\x2dgetty.slice.
[[0;32m  OK  [0m] Listening on Journal Audit Socket.
[[0;32m  OK  [0m] Listening on Journal Socket (/dev/log).
[[0;32m  OK  [0m] Listening on udev Control Socket.
[[0;32m  OK  [0m] Listening on Device-mapper event daemon FIFOs.
[[0;32m  OK  [0m] Listening on LVM2 poll daemon socket.
[[0;32m  OK  [0m] Listening on LVM2 metadata daemon socket.
[[0;32m  OK  [0m] Listening on Syslog Socket.
[[0;32m  OK  [0m] Listening on Network Service Netlink Socket.
[[0;32m  OK  [0m] Listening on udev Kernel Socket.
[[0;32m  OK  [0m] Listening on /dev/initctl Compatibility Named Pipe.
[[0;32m  OK  [0m] Listening on Journal Socket.
         Starting Set the console keyboard layout...
         Starting Load Kernel Modules...
         Mounting Kernel Debug File System...
         Mountin[   13.010156] Loading iSCSI transport class v2.0-870.
g Huge Pages Fil[   13.042032] iscsi: registered transport (tcp)
e System...
         Mounting POSIX Message Queue File Syste[   13.100568] iscsi: registered transport (iser)
m...
         Starting Create list of required st…ce nodes for the current kernel...
         Starting Uncomplicated firewall...
         Starting Monitoring of LVM2 mirrors…ng dmeventd or progress polling...
         Starting Remount Root and Kernel File S[   13.248938] EXT4-fs (sda1): re-mounted. Opts: (null)
ystems...
         Starting Journal Service...
[[0;32m  OK  [0m] Reached target Slices.
[[0;32m  OK  [0m] Set up automount Arbitrary Executab…rmats File System Automount Point.
         Starting udev Coldplug all Devices...
[[0;32m  OK  [0m] Started Journal Service.
[[0;32m  OK  [0m] Started Set the console keyboard layout.
[[0;32m  OK  [0m] Started Load Kernel Modules.
[[0;32m  OK  [0m] Mounted Kernel Debug File System.
[[0;32m  OK  [0m] Mounted Huge Pages File System.
[[0;32m  OK  [0m] Mounted POSIX Message Queue File System.
[[0;32m  OK  [0m] Started Create list of required sta…vice nodes for the current kernel.
[[0;32m  OK  [0m] Started Uncomplicated firewall.
[[0;32m  OK  [0m] Started Remount Root and Kernel File Systems.
[[0;32m  OK  [0m] Started LVM2 metadata daemon.
         Starting Load/Save Random Seed...
         Starting Create Static Device Nodes in /dev...
         Mounting Kernel Configuration File System...
         Starting Apply Kernel Variables...
         Mounting FUSE Control File System...
         Starting Flush Journal to Persistent Storage...
[[0;32m  OK  [0m] Started Monitoring of LVM2 mirrors,…sing dmeventd or progress polling.
[[0;32m  OK  [0m] Started udev Coldplug all Devices.
[[0;32m  OK  [0m] Started Load/Save Random Seed.
[[0;32m  OK  [0m] Started Create Static Device Nodes in /dev.
[[0;32m  OK  [0m] Mounted Kernel Configuration File System.
[[0;32m  OK  [0m] Started Apply Kernel Variables.
[[0;32m  OK  [0m] Mounted FUSE Control File System.
         Starting udev Kernel Device Manager...
[[0;32m  OK  [0m] Reached target Local File Systems (Pre).
[[0;32m  OK  [0m] Reached target Local File Systems.
         Starting Tell Plymouth To Write Out Runtime Data...
         Starting Set console font and keymap...
         Starting ebtables ruleset management...
         Starting AppArmor initialization...
         Starting Commit a transient machine-id on disk...
[[0;32m  OK  [0m] Started udev Kernel Device Manager.
[[0;32m  OK  [0m] Started Tell Plymouth To Write Out Runtime Data.
[[0;32m  OK  [0m] Started Set console font and keymap.
[[0;32m  OK  [0m] Started Commit a transient machine-id on disk.
[[0;32m  OK  [0m] Started Flush Journal to Persistent Storage.
[[0;32m  OK  [0m] Found device /dev/ttyS0.
[[0;32m  OK  [0m] Started ebtables ruleset management.
[[0;32m  OK  [0m] Listening on Load/Save RF Kill Switch Status /dev/rfkill Watch.
         Starting Create Volatile Files and Directories...
[[0;32m  OK  [0m] Started Dispatch Password Requests to Console Directory Watch.
[[0;32m  OK  [0m] Reached target Local Encrypted Volumes.
[[0;32m  OK  [0m] Started Create Volatile Files and Directories.
         Starting Update UTMP about System Boot/Shutdown...
[[0;32m  OK  [0m] Started Update UTMP about System Boot/Shutdown.
[[0;32m  OK  [0m] Started AppArmor initialization.
         Starting Initial cloud-init job (pre-networking)...
[   16.655914] cloud-init[537]: Cloud-init v. 19.3-41-gc4735dd3-0ubuntu1~18.04.1 running 'init-local' at Mon, 03 Aug 2020 16:42:48 +0000. Up 16.27 seconds.
[[0;32m  OK  [0m] Started Initial cloud-init job (pre-networking).
[[0;32m  OK  [0m] Reached target Network (Pre).
         Starting Network Service...
[[0;32m  OK  [0m] Started Network Service.
         Starting Wait for Network to be Configured...
         Starting Network Name Resolution...
[[0;32m  OK  [0m] Started Network Name Resolution.
[[0;32m  OK  [0m] Reached target Host and Network Name Lookups.
[[0;32m  OK  [0m] Reached target Network.
[[0;32m  OK  [0m] Started Wait for Network to be Configured.
         Starting Initial cloud-init job (metadata service crawler)...
[   19.133099] cloud-init[664]: Cloud-init v. 19.3-41-gc4735dd3-0ubuntu1~18.04.1 running 'init' at Mon, 03 Aug 2020 16:42:50 +0000. Up 18.91 seconds.
[   19.215774] cloud-init[664]: ci-info: ++++++++++++++++++++++++++++++++++++++Net device info++++++++++++++++++++++++++++++++++++++
[   19.237370] cloud-init[664]: ci-info: +--------+------+----------------------------+---------------+--------+-------------------+
[   19.239202] cloud-init[664]: ci-info: | Device |  Up  |          Address           |      Mask     | Scope  |     Hw-Address    |
[   19.284608] cloud-init[664]: ci-info: +--------+------+----------------------------+---------------+--------+-------------------+
[   19.338809] cloud-init[664]: ci-info: | enp0s3 | True |         10.0.2.15          | 255.255.255.0 | global | 02:22:e7:1f:39:14 |
[   19.396283] cloud-init[664]: ci-info: | enp0s3 | True | fe80::22:e7ff:fe1f:3914/64 |       .       |  link  | 02:22:e7:1f:39:14 |
[   19.485609] cloud-init[664]: ci-info: |   lo   | True |         127.0.0.1          |   255.0.0.0   |  host  |         .         |
[   19.540556] cloud-init[664]: ci-info: |   lo   | True |          ::1/128           |       .       |  host  |         .         |
[   19.591741] cloud-init[664]: ci-info: +--------+------+----------------------------+---------------+--------+-------------------+
[   19.638926] cloud-init[664]: ci-info: ++++++++++++++++++++++++++++Route IPv4 info+++++++++++++++++++++++++++++
[   19.689415] cloud-init[664]: ci-info: +-------+-------------+----------+-----------------+-----------+-------+
[   19.770673] cloud-init[664]: ci-info: | Route | Destination | Gateway  |     Genmask     | Interface | Flags |
[   19.850109] cloud-init[664]: ci-info: +-------+-------------+----------+-----------------+-----------+-------+
[   19.905725] cloud-init[664]: ci-info: |   0   |   0.0.0.0   | 10.0.2.2 |     0.0.0.0     |   enp0s3  |   UG  |
[   19.953704] cloud-init[664]: ci-info: |   1   |   10.0.2.0  | 0.0.0.0  |  255.255.255.0  |   enp0s3  |   U   |
[   20.012702] cloud-init[664]: ci-info: |   2   |   10.0.2.2  | 0.0.0.0  | 255.255.255.255 |   enp0s3  |   UH  |
[   20.066031] cloud-init[664]: ci-info: +-------+-------------+----------+-----------------+-----------+-------+
[   20.103151] cloud-init[664]: ci-info: +++++++++++++++++++Route IPv6 info+++++++++++++++++++
[   20.133287] cloud-init[664]: ci-info: +-------+-------------+---------+-----------+-------+
[[0;32m  OK  [0m] Started Initial cloud-init job (metadata service crawler).
[   20.181107] cloud-init[664]: ci-info: | Route | Destination | Gateway | Interface | Flags |
[[   20.304498] cloud-init[664]: ci-info: +-------+-------------+---------+-----------+-------+
[   20.304636] cloud-init[664]: ci-info: |   1   |  fe80::/64  |    ::   |   enp0s3  |   U   |
[0;32m  OK  [0m] Reached target Cloud-config availability.
[   20.305455] cloud-init[664]: ci-info: |   3   |    local    |    ::   |   enp0s3  |   U   |
[[0;32m  OK  [0m] Reached target Network is Online.
[[   20.504890] cloud-init[664]: ci-info: |   4   |   ff00::/8  |    ::   |   enp0s3  |   U   |
[   20.505044] cloud-init[664]: ci-info: +-------+-------------+---------+-----------+-------+
[0;32m  OK  [0m] Reached target Remote File Systems (Pre).
[[   20.505205] cloud-init[664]: Generating public/private rsa key pair.
[0;32m  OK  [0m] Reached target Remote File Systems.
[   20.633697] cloud-init[664]: Your identification has been saved in /etc/ssh/ssh_host_rsa_key.
         Starting Availability of block devices...
[[0;32m  OK  [0m] Reached target System Initialization.
[[0;32m  OK  [0m[   20.735626] ] cloud-initListening on D-Bus System Message Bus Socket.[664]: 
Your public key has been saved in /etc/ssh/ssh_host_rsa_key.pub.
[[   20.876444] cloud-init[664]: The key fingerprint is:
[   20.876614] cloud-init[664]: SHA256:DKbITXHvuI2L5a51x2j7ZTv4obu7vD2qe9FlUklm630 root@ubuntu-bionic
[0;32m  OK  [0m] Started ACPI Events Check.
[   20.876771] cloud-init[664]: The key's randomart image is:
[[0;32m  OK  [0m[   21.009280] cloud-init[664]: +---[RSA 2048]----+
[   21.009462] cloud-init[664]: |    . .      .+. |
] Reached target Paths.
[   21.009528] cloud-init[664]: |     o .     oo. |
[[   21.132760] cloud-init[664]: |    . o .    ..  |
[   21.132884] cloud-init[664]: | . + o =    ..o. |
[0;32m  OK  [0m] Listening on UUID daemon activation socket.
[   21.133109] cloud-init[664]: |  o o . S  . +. E|
         [   21.268451] Starting LXD - unix socket.cloud-init
[664]: |       + o. .   .|
[[   21.306624] cloud-init[664]: |      = = oo+    |
[0;32m  OK  [0m[   21.306907] ] cloud-initStarted Daily apt download activities.[664]: 
|     = + +o=oo   |
[   21.397428] cloud-init[664]: |    oo+ +=@O+o   |
[   21.397613] cloud-init[664]: +----[SHA256]-----+
[[0;32m  OK  [0m] Started Daily apt upgrade and clean activities.
[   21.398257] cloud-init[664]: Generating public/private dsa key pair.
[   21.532394] cloud-init[664]: Your identification has been saved in /etc/ssh/ssh_host_dsa_key.
[   21.532608] cloud-init[664]: Your public key has been saved in /etc/ssh/ssh_host_dsa_key.pub.
[[0;32m  OK  [0m] Started Discard unused blocks once a week.
[   21.532946] cloud-init[664]: The key fingerprint is:
[[0;32m  OK  [0m] Started Daily Cleanup of Temporary Directories.
[   21.649094] cloud-init[664]: SHA256:jAF1aU3lLHDd7r/MY0fxRfCAWzALmlT0e7acwBFEf64 root@ubuntu-bionic
[[   21.721029] cloud-init[664]: The key's randomart image is:
[   21.721204] cloud-init[664]: +---[DSA 1024]----+
[0;32m  OK  [0m] Listening on Open-iSCSI iscsid Socket.
[   21.721394] cloud-init[664]: |    ... +**=B+o. |
[[   21.807434] cloud-init[664]: |     . oo=.=o=oo.|
[   21.807655] cloud-init[664]: |      ..o . *+..o|
[0;32m  OK  [0m] Started Message of the Day.
[   21.807970] cloud-init[664]: |       +   o.o.+.|
         [   21.900933] Starting Socket activation for snappy daemon.cloud-init
[664]: |      . S   +.o =|
[[0;32m  OK  [0m[   21.981095] ] cloud-initListening on ACPID Listen Socket.[664]: 
|             =.+o|
[   22.032890] cloud-init[664]: |              Eo |
[[0;32m  OK  [0m] Reached target Timers.
[   22.042856] cloud-init[664]: |              ooo|
[   22.112724] cloud-init[664]: |              .++|
[[0;32m  OK  [0m] Started Availability of block devices.
[   22.128468] cloud-init[664]: +----[SHA256]-----+
[   22.205998] cloud-init[664]: Generating public/private ecdsa key pair.
[   22.206128] cloud-init[664]: Your identification has been saved in /etc/ssh/ssh_host_ecdsa_key.
[   22.207209] cloud-init[664]: Your public key has been saved in /etc/ssh/ssh_host_ecdsa_key.pub.
[[0;32m  OK  [0m] Listening on LXD - unix socket.
[   22.207272] cloud-init[664]: The key fingerprint is:
[[   22.457276] cloud-init[664]: SHA256:iSL9wnyZJ2rx3XvMxTWjCB+Rq81tIwSNj9M1JMvKvqY root@ubuntu-bionic
[   22.457507] cloud-init[664]: The key's randomart image is:
[   22.458252] cloud-init[664]: +---[ECDSA 256]---+
[   22.459057] cloud-init[664]: |          o.o.   |
[   22.459372] cloud-init[664]: |         o.+oo   |
[0;32m  OK  [0m] Listening on Socket activation for snappy daemon.
[[   22.460178] cloud-init[664]: |          =o+ .  |
[0;32m  OK  [0m] Reached target Sockets.
[   22.526361] cloud-init[664]: |   .   ..=.*   o.|
[   22.553172] cloud-init[664]: |  . o . SoO +...o|
[[0;32m  OK  [0m] Reached target Basic System.
[   22.553287] cloud-init[664]: |   +.o o.. * =o  |
[   22.632675] cloud-init[664]: |    +o*..o oo..  |
[   22.632978] cloud-init[664]: |    .+.o..o +    |
[[0;32m  OK  [0m] Started Regular background program processing daemon.
[   22.633278] cloud-init[664]: |   ..  Eo..o     |
         Starting Virtualbox guest utils...[   22.765644] 
cloud-init[664]: +----[SHA256]-----+
[   22.820264] cloud-init[664]: Generating public/private ed25519 key pair.
[   22.820388] cloud-init[664]: Your identification has been saved in /etc/ssh/ssh_host_ed25519_key.
         Starting LSB: automatic crash report generation...
[   22.820803] cloud-init[664]: Your public key has been saved in /etc/ssh/ssh_host_ed25519_key.pub.
[[0;32m  OK  [0m] Started irqbalance daemon.
[   22.938776] cloud-init[664]: The key fingerprint is:
         [   22.986322] Starting System Logging Service...cloud-init
[664]: SHA256:bJKxtyaGfr0TgzQGKWOrpMsV4AK2EEzj0adjDndne3g root@ubuntu-bionic
         Starting Snappy daemon...
[   23.067717] cloud-init[664]: The key's randomart image is:
         Starting LSB: Record successful boot for GRUB...
[   23.147290] cloud-init[664]: +--[ED25519 256]--+
         Starting Dispatcher daemon for systemd-networkd...
[   23.210053] cloud-init[664]: |+=.  .           |
         Starting Accounts Service...
[   23.305595] cloud-init[664]: |++*.o.           |
[[0;32m  OK  [0m] Started D-Bus System Message Bus.
[   23.350637] cloud-init[664]: |=oo+o..          |
[   23.395084] cloud-init[664]: |.=.* .+B         |
[   23.405764] cloud-init[664]: |+.= +o*oS        |
[   23.424650] cloud-init[664]: |o  o ..*oE       |
[   23.432637] cloud-init[664]: |... . o.=o       |
         Starting Pollinate to seed the pseudo random number generator...
[[0;32m  OK  [0m] Started Deferred execution scheduler.
[[0;32m  OK  [0m] Started FUSE filesystem for LXC.
[   23.516396] cloud-init[664]: |.. . ..oo        |
         Starting Permit User Sessions...
[   23.546074] cloud-init[664]: |    ..  .o       |
[   23.595431] cloud-init[664]: +----[SHA256]-----+
         Starting Login Service...
         Starting LXD - container startup/shutdown...
[[0;32m  OK  [0m] Started System Logging Service.
[[0;32m  OK  [0m] Started Snappy daemon.
[[0;32m  OK  [0m] Started Dispatcher daemon for systemd-networkd.
[[0;32m  OK  [0m] Started Permit User Sessions.
[[0;32m  OK  [0m] Started LXD - container startup/shutdown.
[[0;32m  OK  [0m] Started Login Service.
[[0;32m  OK  [0m] Started LSB: automatic crash report generation.
[[0;32m  OK  [0m] Started LSB: Record successful boot for GRUB.
[[0;32m  OK  [0m] Started Virtualbox guest utils.
[[0;32m  OK  [0m] Started Unattended Upgrades Shutdown.
         Starting Authorization Manager...
         Starting Hold until boot process finishes up...
         Starting Terminate Plymouth Boot Screen...
         Starting Wait until snapd is fully seeded...
[[0;32m  OK  [0m] Started Pollinate to seed the pseudo random number generator.
[[0;32m  OK  [0m] Started Hold until boot process finishes up.
[[0;32m  OK  [0m] Started Terminate Plymouth Boot Screen.
[[0;32m  OK  [0m] Started Authorization Manager.
[[0;32m  OK  [0m] Started Accounts Service.
[[0;32m  OK  [0m] Started Serial Getty on ttyS0.
         Starting Set console scheme...
         Starting OpenBSD Secure Shell server...
[[0;32m  OK  [0m] Started Set console scheme.
[[0;32m  OK  [0m] Created slice system-getty.slice.
[[0;32m  OK  [0m] Started Getty on tty1.
[[0;32m  OK  [0m] Reached target Login Prompts.
[[0;32m  OK  [0m] Started OpenBSD Secure Shell server.
[[0;32m  OK  [0m] Created slice User Slice of vagrant.
         Starting User Manager for UID 1000...
[[0;32m  OK  [0m] Started Session 1 of user vagrant.
[[0;32m  OK  [0m] Started User Manager for UID 1000.
[[0;32m  OK  [0m] Started Wait until snapd is fully seeded.
         Starting Apply the settings specified in cloud-config...
[[0;32m  OK  [0m] Reached target Multi-User System.
[[0;32m  OK  [0m] Reached target Graphical Interface.
         Starting Update UTMP about System Runlevel Changes...
[   30.505504] cloud-init[1594]: Cloud-init v. 19.3-41-gc4735dd3-0ubuntu1~18.04.1 running 'modules:config' at Mon, 03 Aug 2020 16:43:01 +0000. Up 29.93 seconds.

Ubuntu 18.04.3 LTS ubuntu-bionic ttyS0

ubuntu-bionic login: ci-info: no authorized ssh keys fingerprints found for user ubuntu.
<14>Aug  3 16:43:03 ec2: 
<14>Aug  3 16:43:03 ec2: #############################################################
<14>Aug  3 16:43:03 ec2: -----BEGIN SSH HOST KEY FINGERPRINTS-----
<14>Aug  3 16:43:03 ec2: 1024 SHA256:jAF1aU3lLHDd7r/MY0fxRfCAWzALmlT0e7acwBFEf64 root@ubuntu-bionic (DSA)
<14>Aug  3 16:43:03 ec2: 256 SHA256:iSL9wnyZJ2rx3XvMxTWjCB+Rq81tIwSNj9M1JMvKvqY root@ubuntu-bionic (ECDSA)
<14>Aug  3 16:43:03 ec2: 256 SHA256:bJKxtyaGfr0TgzQGKWOrpMsV4AK2EEzj0adjDndne3g root@ubuntu-bionic (ED25519)
<14>Aug  3 16:43:03 ec2: 2048 SHA256:DKbITXHvuI2L5a51x2j7ZTv4obu7vD2qe9FlUklm630 root@ubuntu-bionic (RSA)
<14>Aug  3 16:43:03 ec2: -----END SSH HOST KEY FINGERPRINTS-----
<14>Aug  3 16:43:03 ec2: #############################################################
-----BEGIN SSH HOST KEY KEYS-----
ecdsa-sha2-nistp256 AAAAE2VjZHNhLXNoYTItbmlzdHAyNTYAAAAIbmlzdHAyNTYAAABBBNK7ABPzzLeU85jLjXugE3fEcQLmPA+ZRpXzZxBwp1VGfxBegcEHmjBSKPAE+io/jLM/P1jS/8xWt4WkkdO9ESg= root@ubuntu-bionic
ssh-ed25519 AAAAC3NzaC1lZDI1NTE5AAAAIOJwD7wY46hq1jjReXLc6Ia86UOJ36tPWpsezIj7idVt root@ubuntu-bionic
ssh-rsa AAAAB3NzaC1yc2EAAAADAQABAAABAQC2F2Nwl1DqgKroiQjD8/w707/U/y+Y9vXK0wU5U0GTwbsoQAr5KIFk4ccRAUReLokXnVzYopMc2piNQgjY4Ny8I2Mju1anfF3oDT2xCTW/VmhQp8bh0OgokylbwW66Q8Mn/Mhj8KZDP/nnjWt+f7kEAEnCrfZ99kJ7iqeW6JJj73+hEn5qll6s6oFj9I1rbLlAxuhloXA8LvGnqfenRdNlBsSokNqGP5idk1KFVE8+qXsCmo01/Ioap4eT0iXq2uQFuEARTuOADgAVM/esoO3K6df/yRuxOiD4JkOqsrFV7l78HD/RVQGeEgOo5CMbET38opm0zrBcdhz4OpnB0QEt root@ubuntu-bionic
-----END SSH HOST KEY KEYS-----
[   31.433769] cloud-init[1695]: Cloud-init v. 19.3-41-gc4735dd3-0ubuntu1~18.04.1 running 'modules:final' at Mon, 03 Aug 2020 16:43:02 +0000. Up 31.19 seconds.
[   31.433909] cloud-init[1695]: ci-info: no authorized ssh keys fingerprints found for user ubuntu.
[   31.434003] cloud-init[1695]: Cloud-init v. 19.3-41-gc4735dd3-0ubuntu1~18.04.1 finished at Mon, 03 Aug 2020 16:43:03 +0000. Datasource DataSourceNoCloud [seed=/dev/sdb][dsmode=net].  Up 31.42 seconds
